<?xml version="1.0" encoding="UTF-8"?>
<testsuite xmlns:xsi="http://www.w3.org/2001/XMLSchema-instance" xsi:noNamespaceSchemaLocation="https://maven.apache.org/surefire/maven-surefire-plugin/xsd/surefire-test-report-3.0.xsd" version="3.0" name="com.vex.query.criteria.ToStringTest" time="0.016" tests="7" errors="0" skipped="0" failures="0">
  <properties>
[...]
</properties>
  <testcase name="testNestedPredicateToString" classname="com.vex.query.criteria.ToStringTest" time="0.008">
    <system-out><![CDATA[嵌套条件: VexPredicate(logic=and, expressions=[VexExpression(field=status, op=eq, value=ACTIVE), VexPredicate(logic=or, expressions=[VexExpression(field=username, op=exp, value=%张%), VexExpression(field=username, op=exp, value=%李%)])])
]]></system-out>
  </testcase>
  <testcase name="testEmptyQueryToString" classname="com.vex.query.criteria.ToStringTest" time="0.0">
    <system-out><![CDATA[空查询: VexQueryCriteria{}
]]></system-out>
  </testcase>
  <testcase name="testVexPredicateToString" classname="com.vex.query.criteria.ToStringTest" time="0.001">
    <system-out><![CDATA[AND条件: VexPredicate(logic=and, expressions=[VexExpression(field=status, op=eq, value=ACTIVE), VexExpression(field=age, op=gte, value=18)])
OR条件: VexPredicate(logic=or, expressions=[VexExpression(field=username, op=exp, value=%张%), VexExpression(field=username, op=exp, value=%李%)])
]]></system-out>
  </testcase>
  <testcase name="testSortOrderToString" classname="com.vex.query.criteria.ToStringTest" time="0.0">
    <system-out><![CDATA[升序: createTime ASC
降序: updateTime DESC
]]></system-out>
  </testcase>
  <testcase name="testVexExpressionToString" classname="com.vex.query.criteria.ToStringTest" time="0.002">
    <system-out><![CDATA[表达式: VexExpression(field=status, op=eq, value=ACTIVE)
范围表达式: VexExpression(field=age, op=between, value=[Ljava.lang.Object;@50de186c)
NULL表达式: VexExpression(field=deletedAt, op=is_null, value=null)
]]></system-out>
  </testcase>
  <testcase name="testQueryCriteriaToString" classname="com.vex.query.criteria.ToStringTest" time="0.001">
    <system-out><![CDATA[完整查询: VexQueryCriteria{select=[id, username, email], exclude=[password], filter=VexPredicate(logic=and, expressions=[VexExpression(field=status, op=eq, value=ACTIVE)]), orderBy=[createTime DESC], paging=page=0, size=20}
]]></system-out>
  </testcase>
  <testcase name="testPageRequestToString" classname="com.vex.query.criteria.ToStringTest" time="0.001">
    <system-out><![CDATA[分页: page=0, size=20
]]></system-out>
  </testcase>
</testsuite>